<?xml version="1.0" encoding="UTF-8"?>
<testsuite name="org.example.admin_functionalitiesTest" tests="14" skipped="0" failures="0" errors="0" timestamp="2023-04-01T13:26:56" hostname="Anubhavs-MacBook-Pro.local" time="1.848">
  <properties/>
  <testcase name="generate_transcript()" classname="org.example.admin_functionalitiesTest" time="0.928"/>
  <testcase name="add_course_csv()" classname="org.example.admin_functionalitiesTest" time="0.033"/>
  <testcase name="prereqis()" classname="org.example.admin_functionalitiesTest" time="0.052"/>
  <testcase name="move_courses()" classname="org.example.admin_functionalitiesTest" time="0.075"/>
  <testcase name="remove_student()" classname="org.example.admin_functionalitiesTest" time="0.03"/>
  <testcase name="add_student_csv()" classname="org.example.admin_functionalitiesTest" time="0.012"/>
  <testcase name="add_student()" classname="org.example.admin_functionalitiesTest" time="0.024"/>
  <testcase name="remove_faculty()" classname="org.example.admin_functionalitiesTest" time="0.031"/>
  <testcase name="add_faculty()" classname="org.example.admin_functionalitiesTest" time="0.023"/>
  <testcase name="add_faculty_csv()" classname="org.example.admin_functionalitiesTest" time="0.014"/>
  <testcase name="student_graduate()" classname="org.example.admin_functionalitiesTest" time="0.24"/>
  <testcase name="remove_course()" classname="org.example.admin_functionalitiesTest" time="0.079"/>
  <testcase name="add_course()" classname="org.example.admin_functionalitiesTest" time="0.082"/>
  <testcase name="upt_cgpa()" classname="org.example.admin_functionalitiesTest" time="0.191"/>
  <system-out><![CDATA[Student has been registered
Instructor successfully added
Course successfully added
Course successfully added
Course offered successfully
select prereq.prereq_id from prereq where prereq.course_id='CSts1';
select prereq.prereq_id from prereq where prereq.course_id='CSts1';
Student Enrolled in course
Course added in Student table
Grade updated succesfully
All data transferred
All data deleted from current sem
All data transferred
All data deleted from current sem
Offer table emptied
Course offered successfully
select prereq.prereq_id from prereq where prereq.course_id='CSts2';
select prereq.prereq_id from prereq where prereq.course_id='CSts2';
Student Enrolled in course
Course added in Student table
2020CSB1063
Cg Updated Succesfully
2020tst1111
Cg Updated Succesfully
generated
Course does not exist
Course successfully deleted
Can't connect to db ERROR: update or delete on table "instructor" violates foreign key constraint "offering_fid_fkey" on table "offering"
  Detail: Key (id)=(Tst_f1) is still referenced from table "offering".
/Users/anubhavkataria/Desktop/Softie/softie_proj/src/main/resources/InputFiles/crs_csv.csv
File not readjava.io.FileNotFoundException: /Users/anubhavkataria/Desktop/Softie/softie_proj/src/main/resources/InputFiles/crs_csv.csv (No such file or directory)
Course does not exist
File not readjava.io.FileNotFoundException: Nope (No such file or directory)
Student already registered
Student has been registered
Instructor already present
Course successfully added
Course already added
Course already added
Course does not exist
Prerequisite Added
Prerequisite Course does not exist
Prerequisite Course does not exist
Course successfully deleted
Can't connect to db ERROR: update or delete on table "course" violates foreign key constraint "offering_course_id_fkey" on table "offering"
  Detail: Key (id)=(CSts2) is still referenced from table "offering".
Student already registered
Instructor already present
Course successfully added
Course offered successfully
Student has already taken the course in past
No such student in the course to grade
All data transferred
All data deleted from current sem
All data transferred
All data deleted from current sem
All data transferred
All data deleted from current sem
Offer table emptied
Course does not exist
Course successfully deleted
Instructor successfully removed
Student successfully removed
Student has been registered
Student already registered
Student successfully removed
Student successfully removed
/Users/anubhavkataria/Desktop/Softie/softie_proj/src/main/resources/InputFiles/std_csv.csv
File not readjava.io.FileNotFoundException: /Users/anubhavkataria/Desktop/Softie/softie_proj/src/main/resources/InputFiles/std_csv.csv (No such file or directory)
Student does not exist
File not readjava.io.FileNotFoundException: Nope (No such file or directory)
Student has been registered
Student already registered
Student successfully removed
Student does not exist
Instructor successfully added
Instructor already present
Instructor successfully removed
Instructor does not exist
Instructor successfully added
Instructor already present
Instructor successfully removed
/Users/anubhavkataria/Desktop/Softie/softie_proj/src/main/resources/InputFiles/flt_csv.csv
File not readjava.io.FileNotFoundException: /Users/anubhavkataria/Desktop/Softie/softie_proj/src/main/resources/InputFiles/flt_csv.csv (No such file or directory)
Instructor does not exist
File not readjava.io.FileNotFoundException: Nope (No such file or directory)
Student has been registered
Student has been registered
Instructor successfully added
Instructor successfully added
Course successfully added
Course already added
Course successfully added
Course successfully added
Course successfully added
Course successfully added
Course successfully added
Course offered successfully
Course offered successfully
Course offered successfully
Course offered successfully
Course offered successfully
Course offered successfully
Course offered successfully
select prereq.prereq_id from prereq where prereq.course_id='CSts1';
select prereq.prereq_id from prereq where prereq.course_id='CSts1';
Student Enrolled in course
Course added in Student table
Student already Enrolled
select prereq.prereq_id from prereq where prereq.course_id='CSts3';
select prereq.prereq_id from prereq where prereq.course_id='CSts3';
Credits exceeded
select prereq.prereq_id from prereq where prereq.course_id='CSts4';
select prereq.prereq_id from prereq where prereq.course_id='CSts4';
Credits exceeded
select prereq.prereq_id from prereq where prereq.course_id='CSts5';
select prereq.prereq_id from prereq where prereq.course_id='CSts5';
Credits exceeded
select prereq.prereq_id from prereq where prereq.course_id='CSts6';
select prereq.prereq_id from prereq where prereq.course_id='CSts6';
Credits exceeded
select prereq.prereq_id from prereq where prereq.course_id='CSts7';
select prereq.prereq_id from prereq where prereq.course_id='CSts7';
Credits exceeded
Grade updated succesfully
No such student in the course to grade
No such student in the course to grade
No such student in the course to grade
No such student in the course to grade
No such student in the course to grade
No such student in the course to grade
2020CSB1063
Cg Updated Succesfully
2020tst1111
Cg Updated Succesfully
2020tst11
Cg Updated Succesfully
All data transferred
All data deleted from current sem
All data transferred
All data deleted from current sem
All data transferred
All data deleted from current sem
Offer table emptied
null
Core: 0 Electives: 0 BTP: 6
Student can not Graduate yet
Core: 0 Electives: 0 BTP: 0
Student can not Graduate yet
Student does not exist
Course does not exist
Course does not exist
Course does not exist
Course does not exist
Course does not exist
Course does not exist
Course does not exist
Course successfully deleted
Course successfully deleted
Course successfully deleted
Course successfully deleted
Course successfully deleted
Course successfully deleted
Course successfully deleted
Instructor successfully removed
Instructor successfully removed
Student successfully removed
Student has been registered
Student has been registered
Instructor successfully added
Course successfully added
Course already added
Prerequisite Added
Course successfully added
Course successfully deleted
Course successfully deleted
Course does not exist
Instructor successfully removed
Student successfully removed
Student successfully removed
Student has been registered
Student has been registered
Instructor successfully added
Course successfully added
Course already added
Prerequisite Added
Course successfully added
Course successfully deleted
Course successfully deleted
Instructor successfully removed
Student successfully removed
Student successfully removed
Student has been registered
Instructor successfully added
Course successfully added
Course successfully added
Course successfully added
Course successfully added
Course successfully added
Course successfully added
Course successfully added
Course offered successfully
Course offered successfully
Course offered successfully
Course offered successfully
Course offered successfully
Course offered successfully
Course offered successfully
select prereq.prereq_id from prereq where prereq.course_id='CSts1';
select prereq.prereq_id from prereq where prereq.course_id='CSts1';
Student Enrolled in course
Course added in Student table
select prereq.prereq_id from prereq where prereq.course_id='CSts2';
select prereq.prereq_id from prereq where prereq.course_id='CSts2';
Student Enrolled in course
Course added in Student table
select prereq.prereq_id from prereq where prereq.course_id='CSts3';
select prereq.prereq_id from prereq where prereq.course_id='CSts3';
Student Enrolled in course
Course added in Student table
select prereq.prereq_id from prereq where prereq.course_id='CSts4';
select prereq.prereq_id from prereq where prereq.course_id='CSts4';
Student Enrolled in course
Course added in Student table
select prereq.prereq_id from prereq where prereq.course_id='CSts5';
select prereq.prereq_id from prereq where prereq.course_id='CSts5';
Student Enrolled in course
Course added in Student table
select prereq.prereq_id from prereq where prereq.course_id='CSts6';
select prereq.prereq_id from prereq where prereq.course_id='CSts6';
Student Enrolled in course
Course added in Student table
select prereq.prereq_id from prereq where prereq.course_id='CSts7';
select prereq.prereq_id from prereq where prereq.course_id='CSts7';
Student Enrolled in course
Course added in Student table
Grade updated succesfully
Grade updated succesfully
Grade updated succesfully
Grade updated succesfully
Grade updated succesfully
Grade updated succesfully
Grade updated succesfully
2020CSB1063
Cg Updated Succesfully
2020tst11
Cg Updated Succesfully
2020tst1111
Cg Updated Succesfully
Course Successfully deoffered from Student
drop table "CSts1_2021_1";
Table deleted successfully
Course deleted from offering
Course Successfully deoffered from Student
drop table "CSts2_2021_1";
Table deleted successfully
Course deleted from offering
Course Successfully deoffered from Student
drop table "CSts3_2021_1";
Table deleted successfully
Course deleted from offering
Course Successfully deoffered from Student
drop table "CSts4_2021_1";
Table deleted successfully
Course deleted from offering
Course Successfully deoffered from Student
drop table "CSts5_2021_1";
Table deleted successfully
Course deleted from offering
Course Successfully deoffered from Student
drop table "CSts6_2021_1";
Table deleted successfully
Course deleted from offering
Course Successfully deoffered from Student
drop table "CSts7_2021_1";
Table deleted successfully
Course deleted from offering
Course successfully deleted
Course successfully deleted
Course successfully deleted
Course successfully deleted
Course successfully deleted
Course successfully deleted
Course successfully deleted
Instructor successfully removed
Student successfully removed
]]></system-out>
  <system-err><![CDATA[]]></system-err>
</testsuite>
